{
  "RSpec": {
    "coverage": {
      "/home/devaraju/Rails/exams/spec/controllers/home_controller_spec.rb": [
        1,
        1,
        1,
        6,
        6,
        6,
        6,
        6,
        6,
        6,
        6,
        1,
        5,
        5,
        5,
        null,
        null,
        1,
        1,
        1,
        1,
        1,
        1,
        1,
        1,
        null,
        null,
        1,
        1,
        1,
        null,
        null,
        1,
        1,
        1,
        1,
        null,
        null,
        null,
        1,
        1,
        1,
        1,
        1,
        1,
        null,
        null,
        null,
        1,
        1,
        1,
        1,
        1,
        1,
        1,
        1,
        1,
        1,
        1,
        1,
        1,
        1,
        null,
        null,
        null
      ],
      "/home/devaraju/Rails/exams/app/controllers/home_controller.rb": [
        1,
        null,
        1,
        3,
        3,
        3,
        1,
        2,
        1,
        1,
        null,
        1,
        null,
        3,
        null,
        null,
        1,
        1,
        1,
        1,
        1,
        1,
        1,
        null,
        null,
        null,
        null,
        1,
        1,
        1,
        1,
        null,
        null,
        1,
        1,
        10,
        null,
        null,
        1,
        1,
        1,
        1,
        null,
        1,
        2,
        null,
        2,
        null,
        0,
        null,
        0,
        null,
        0,
        null,
        2,
        null,
        null
      ],
      "/home/devaraju/Rails/exams/app/controllers/application_controller.rb": [
        1,
        1,
        1,
        null
      ],
      "/home/devaraju/Rails/exams/spec/models/answerd_question_spec.rb": [
        1,
        null,
        1,
        1,
        null
      ],
      "/home/devaraju/Rails/exams/app/models/answerd_question.rb": [
        1,
        1,
        null
      ],
      "/home/devaraju/Rails/exams/spec/models/chapter_spec.rb": [
        1,
        null,
        1,
        1,
        null
      ],
      "/home/devaraju/Rails/exams/app/models/chapter.rb": [
        1,
        1,
        1,
        1,
        null
      ],
      "/home/devaraju/Rails/exams/app/models/concerns/validator.rb": [
        1,
        1,
        1,
        3,
        null,
        null
      ],
      "/home/devaraju/Rails/exams/spec/models/exam_spec.rb": [
        1,
        null,
        1,
        1,
        null
      ],
      "/home/devaraju/Rails/exams/app/models/exam.rb": [
        1,
        1,
        1,
        null
      ],
      "/home/devaraju/Rails/exams/spec/models/question_spec.rb": [
        1,
        null,
        1,
        1,
        null
      ],
      "/home/devaraju/Rails/exams/app/models/question.rb": [
        1,
        1,
        1,
        1,
        null,
        1,
        1,
        null,
        null
      ],
      "/home/devaraju/Rails/exams/spec/models/subject_spec.rb": [
        1,
        null,
        1,
        1,
        null
      ],
      "/home/devaraju/Rails/exams/app/models/subject.rb": [
        1,
        1,
        1,
        null
      ],
      "/home/devaraju/Rails/exams/spec/models/topic_spec.rb": [
        1,
        null,
        1,
        1,
        null
      ],
      "/home/devaraju/Rails/exams/app/models/topic.rb": [
        1,
        1,
        1,
        null
      ],
      "/home/devaraju/Rails/exams/spec/models/user_spec.rb": [
        1,
        null,
        1,
        1,
        null
      ],
      "/home/devaraju/Rails/exams/app/serializers/question_serializer.rb": [
        1,
        1,
        null
      ]
    },
    "timestamp": 1553328884
  }
}
